<?xml version="1.0" encoding="UTF-8"?>
<testng-results ignored="0" total="1" passed="1" failed="0" skipped="0">
  <reporter-output>
  </reporter-output>
  <suite started-at="2022-02-23T16:08:17 IST" name="Default suite" finished-at="2022-02-23T16:08:17 IST" duration-ms="36">
    <groups>
    </groups>
    <test started-at="2022-02-23T16:08:17 IST" name="Default test" finished-at="2022-02-23T16:08:17 IST" duration-ms="36">
      <class name="app.testing">
        <test-method signature="test()[pri:0, instance:app.testing@5bd03f44]" started-at="2022-02-23T16:08:17 IST" name="test" finished-at="2022-02-23T16:08:17 IST" duration-ms="6" status="PASS">
          <reporter-output>
          </reporter-output>
        </test-method> <!-- test -->
      </class> <!-- app.testing -->
    </test> <!-- Default test -->
  </suite> <!-- Default suite -->
</testng-results>
